<?xml version="1.0" encoding="UTF-8"?>
<!-- Generated by org.testng.reporters.JUnitXMLReporter -->
<testsuite ignored="0" hostname="Alaa" failures="0" tests="4" name="Default test" time="91.459" errors="0" timestamp="2025-05-12T17:16:07 EEST">
  <testcase classname="tests.RegisterTests_happyScenarioWithDDTWithDataProvider" name="testRegister_NewEmail_MandarotyAndOptional" time="26.549"/>
  <testcase classname="tests.RegisterTests_happyScenarioWithDDTWithDataProvider" name="testRegister_NewEmail_MandarotyAndOptional" time="19.039"/>
  <testcase classname="tests.RegisterTests_happyScenarioWithDDTWithDataProvider" name="testRegister_NewEmail_MandarotyAndOptional" time="17.748"/>
  <testcase classname="tests.RegisterTests_happyScenarioWithDDTWithDataProvider" name="testRegister_NewEmail_Mandaroty" time="17.183"/>
</testsuite> <!-- Default test -->
