<?xml version="1.0" encoding="UTF-8"?>
<!-- Generated by org.testng.reporters.JUnitXMLReporter -->
<testsuite ignored="0" hostname="DESKTOP-LSFSGRJ" failures="0" tests="2" name="Register_happyTestCases" time="73.757" errors="0" timestamp="2025-04-26T19:55:26 EEST">
  <testcase classname="tests.RegisterTests_happyScenario" name="testRegister_NewEmail_MandarotyAndOptional" time="33.762"/>
  <testcase classname="tests.RegisterTests_happyScenario" name="testRegister_NewEmail_Mandaroty" time="20.027"/>
</testsuite> <!-- Register_happyTestCases -->
